2023-07-07 10:08:24.778 [background-preinit] INFO  org.hibernate.validator.internal.util.Version : HV000001: Hibernate Validator 6.1.7.Final
2023-07-07 10:08:24.806 [main] INFO  datart.DatartServerApplication : Starting DatartServerApplication using Java 1.8.0_372 on WIN-OUR7VTUTUJ8 with PID 36772 (D:\项目\可视化相关\ZDatart\server\target\classes started by Administrator in D:\项目\可视化相关\ZDatart)
2023-07-07 10:08:24.806 [main] INFO  datart.DatartServerApplication : The following profiles are active: demo
2023-07-07 10:08:25.710 [main] INFO  o.s.d.r.config.RepositoryConfigurationDelegate : Multiple Spring Data modules found, entering strict repository configuration mode!
2023-07-07 10:08:25.711 [main] INFO  o.s.d.r.config.RepositoryConfigurationDelegate : Bootstrapping Spring Data LDAP repositories in DEFAULT mode.
2023-07-07 10:08:25.765 [main] INFO  o.s.d.r.config.RepositoryConfigurationDelegate : Finished Spring Data repository scanning in 49 ms. Found 0 LDAP repository interfaces.
2023-07-07 10:08:25.775 [main] INFO  o.s.d.r.config.RepositoryConfigurationDelegate : Multiple Spring Data modules found, entering strict repository configuration mode!
2023-07-07 10:08:25.775 [main] INFO  o.s.d.r.config.RepositoryConfigurationDelegate : Bootstrapping Spring Data Redis repositories in DEFAULT mode.
2023-07-07 10:08:25.798 [main] INFO  o.s.d.r.config.RepositoryConfigurationDelegate : Finished Spring Data repository scanning in 15 ms. Found 0 Redis repository interfaces.
2023-07-07 10:08:25.981 [main] INFO  o.s.c.s.PostProcessorRegistrationDelegate$BeanPostProcessorChecker : Bean 'org.apache.shiro.spring.boot.autoconfigure.ShiroBeanAutoConfiguration' of type [org.apache.shiro.spring.boot.autoconfigure.ShiroBeanAutoConfiguration$$EnhancerBySpringCGLIB$$b1dad003] is not eligible for getting processed by all BeanPostProcessors (for example: not eligible for auto-proxying)
2023-07-07 10:08:26.015 [main] INFO  o.s.c.s.PostProcessorRegistrationDelegate$BeanPostProcessorChecker : Bean 'org.apache.shiro.spring.boot.autoconfigure.ShiroAnnotationProcessorAutoConfiguration' of type [org.apache.shiro.spring.boot.autoconfigure.ShiroAnnotationProcessorAutoConfiguration$$EnhancerBySpringCGLIB$$b46e0ea8] is not eligible for getting processed by all BeanPostProcessors (for example: not eligible for auto-proxying)
2023-07-07 10:08:26.214 [main] INFO  o.s.c.s.PostProcessorRegistrationDelegate$BeanPostProcessorChecker : Bean 'eventBus' of type [org.apache.shiro.event.support.DefaultEventBus] is not eligible for getting processed by all BeanPostProcessors (for example: not eligible for auto-proxying)
2023-07-07 10:08:26.224 [main] INFO  o.s.c.s.PostProcessorRegistrationDelegate$BeanPostProcessorChecker : Bean 'org.apache.shiro.spring.boot.autoconfigure.ShiroAutoConfiguration' of type [org.apache.shiro.spring.boot.autoconfigure.ShiroAutoConfiguration$$EnhancerBySpringCGLIB$$77da71d3] is not eligible for getting processed by all BeanPostProcessors (for example: not eligible for auto-proxying)
2023-07-07 10:08:26.227 [main] INFO  o.s.c.s.PostProcessorRegistrationDelegate$BeanPostProcessorChecker : Bean 'securityConfiguration' of type [datart.security.manager.shiro.SecurityConfiguration$$EnhancerBySpringCGLIB$$d6eb4544] is not eligible for getting processed by all BeanPostProcessors (for example: not eligible for auto-proxying)
2023-07-07 10:08:26.269 [main] INFO  o.s.c.s.PostProcessorRegistrationDelegate$BeanPostProcessorChecker : Bean 'mybatis-org.mybatis.spring.boot.autoconfigure.MybatisProperties' of type [org.mybatis.spring.boot.autoconfigure.MybatisProperties] is not eligible for getting processed by all BeanPostProcessors (for example: not eligible for auto-proxying)
2023-07-07 10:08:26.274 [main] INFO  o.s.c.s.PostProcessorRegistrationDelegate$BeanPostProcessorChecker : Bean 'org.mybatis.spring.boot.autoconfigure.MybatisAutoConfiguration' of type [org.mybatis.spring.boot.autoconfigure.MybatisAutoConfiguration$$EnhancerBySpringCGLIB$$d1964383] is not eligible for getting processed by all BeanPostProcessors (for example: not eligible for auto-proxying)
2023-07-07 10:08:26.277 [main] INFO  o.s.c.s.PostProcessorRegistrationDelegate$BeanPostProcessorChecker : Bean 'com.alibaba.druid.spring.boot.autoconfigure.DruidDataSourceAutoConfigure' of type [com.alibaba.druid.spring.boot.autoconfigure.DruidDataSourceAutoConfigure$$EnhancerBySpringCGLIB$$b86de7c5] is not eligible for getting processed by all BeanPostProcessors (for example: not eligible for auto-proxying)
2023-07-07 10:08:26.279 [main] INFO  c.a.d.s.b.a.DruidDataSourceAutoConfigure : Init DruidDataSource
2023-07-07 10:08:26.317 [main] INFO  o.s.c.s.PostProcessorRegistrationDelegate$BeanPostProcessorChecker : Bean 'spring.datasource-org.springframework.boot.autoconfigure.jdbc.DataSourceProperties' of type [org.springframework.boot.autoconfigure.jdbc.DataSourceProperties] is not eligible for getting processed by all BeanPostProcessors (for example: not eligible for auto-proxying)
2023-07-07 10:08:26.432 [main] INFO  com.alibaba.druid.pool.DruidDataSource : {dataSource-1} inited
2023-07-07 10:08:26.432 [main] INFO  o.s.c.s.PostProcessorRegistrationDelegate$BeanPostProcessorChecker : Bean 'dataSource' of type [com.alibaba.druid.spring.boot.autoconfigure.DruidDataSourceWrapper] is not eligible for getting processed by all BeanPostProcessors (for example: not eligible for auto-proxying)
2023-07-07 10:08:26.450 [main] INFO  o.s.c.s.PostProcessorRegistrationDelegate$BeanPostProcessorChecker : Bean 'org.springframework.boot.autoconfigure.jdbc.DataSourceInitializerInvoker' of type [org.springframework.boot.autoconfigure.jdbc.DataSourceInitializerInvoker] is not eligible for getting processed by all BeanPostProcessors (for example: not eligible for auto-proxying)
2023-07-07 10:08:26.476 [main] INFO  o.s.c.s.PostProcessorRegistrationDelegate$BeanPostProcessorChecker : Bean 'sqlSessionFactory' of type [org.apache.ibatis.session.defaults.DefaultSqlSessionFactory] is not eligible for getting processed by all BeanPostProcessors (for example: not eligible for auto-proxying)
2023-07-07 10:08:26.481 [main] INFO  o.s.c.s.PostProcessorRegistrationDelegate$BeanPostProcessorChecker : Bean 'sqlSessionTemplate' of type [org.mybatis.spring.SqlSessionTemplate] is not eligible for getting processed by all BeanPostProcessors (for example: not eligible for auto-proxying)
2023-07-07 10:08:26.513 [main] INFO  o.s.c.s.PostProcessorRegistrationDelegate$BeanPostProcessorChecker : Bean 'userMapperExt' of type [org.mybatis.spring.mapper.MapperFactoryBean] is not eligible for getting processed by all BeanPostProcessors (for example: not eligible for auto-proxying)
2023-07-07 10:08:26.515 [main] INFO  o.s.c.s.PostProcessorRegistrationDelegate$BeanPostProcessorChecker : Bean 'userMapperExt' of type [com.sun.proxy.$Proxy103] is not eligible for getting processed by all BeanPostProcessors (for example: not eligible for auto-proxying)
2023-07-07 10:08:26.587 [main] INFO  o.s.c.s.PostProcessorRegistrationDelegate$BeanPostProcessorChecker : Bean 'roleMapperExt' of type [org.mybatis.spring.mapper.MapperFactoryBean] is not eligible for getting processed by all BeanPostProcessors (for example: not eligible for auto-proxying)
2023-07-07 10:08:26.588 [main] INFO  o.s.c.s.PostProcessorRegistrationDelegate$BeanPostProcessorChecker : Bean 'roleMapperExt' of type [com.sun.proxy.$Proxy107] is not eligible for getting processed by all BeanPostProcessors (for example: not eligible for auto-proxying)
2023-07-07 10:08:26.604 [main] INFO  o.s.c.s.PostProcessorRegistrationDelegate$BeanPostProcessorChecker : Bean 'relRoleResourceMapperExt' of type [org.mybatis.spring.mapper.MapperFactoryBean] is not eligible for getting processed by all BeanPostProcessors (for example: not eligible for auto-proxying)
2023-07-07 10:08:26.605 [main] INFO  o.s.c.s.PostProcessorRegistrationDelegate$BeanPostProcessorChecker : Bean 'relRoleResourceMapperExt' of type [com.sun.proxy.$Proxy110] is not eligible for getting processed by all BeanPostProcessors (for example: not eligible for auto-proxying)
2023-07-07 10:08:26.622 [main] INFO  o.s.c.s.PostProcessorRegistrationDelegate$BeanPostProcessorChecker : Bean 'requestScopePermissionDataCache' of type [org.springframework.aop.scope.ScopedProxyFactoryBean] is not eligible for getting processed by all BeanPostProcessors (for example: not eligible for auto-proxying)
2023-07-07 10:08:26.622 [main] INFO  o.s.c.s.PostProcessorRegistrationDelegate$BeanPostProcessorChecker : Bean 'requestScopePermissionDataCache' of type [datart.security.manager.RequestScopePermissionDataCache$$EnhancerBySpringCGLIB$$8afbec66] is not eligible for getting processed by all BeanPostProcessors (for example: not eligible for auto-proxying)
2023-07-07 10:08:26.623 [main] INFO  o.s.c.s.PostProcessorRegistrationDelegate$BeanPostProcessorChecker : Bean 'threadScopePermissionDataCache' of type [datart.security.manager.ThreadScopePermissionDataCache] is not eligible for getting processed by all BeanPostProcessors (for example: not eligible for auto-proxying)
2023-07-07 10:08:26.624 [main] INFO  o.s.c.s.PostProcessorRegistrationDelegate$BeanPostProcessorChecker : Bean 'permissionDataCache' of type [datart.security.manager.PermissionDataCache] is not eligible for getting processed by all BeanPostProcessors (for example: not eligible for auto-proxying)
2023-07-07 10:08:26.625 [main] INFO  o.s.c.s.PostProcessorRegistrationDelegate$BeanPostProcessorChecker : Bean 'passwordCredentialsMatcher' of type [datart.security.manager.shiro.PasswordCredentialsMatcher] is not eligible for getting processed by all BeanPostProcessors (for example: not eligible for auto-proxying)
2023-07-07 10:08:26.631 [main] INFO  o.s.c.s.PostProcessorRegistrationDelegate$BeanPostProcessorChecker : Bean 'realm' of type [datart.security.manager.shiro.DatartRealm] is not eligible for getting processed by all BeanPostProcessors (for example: not eligible for auto-proxying)
2023-07-07 10:08:26.642 [main] INFO  o.s.c.s.PostProcessorRegistrationDelegate$BeanPostProcessorChecker : Bean 'sessionStorageEvaluator' of type [org.apache.shiro.mgt.DefaultSessionStorageEvaluator] is not eligible for getting processed by all BeanPostProcessors (for example: not eligible for auto-proxying)
2023-07-07 10:08:26.642 [main] INFO  o.s.c.s.PostProcessorRegistrationDelegate$BeanPostProcessorChecker : Bean 'subjectDAO' of type [org.apache.shiro.mgt.DefaultSubjectDAO] is not eligible for getting processed by all BeanPostProcessors (for example: not eligible for auto-proxying)
2023-07-07 10:08:26.643 [main] INFO  o.s.c.s.PostProcessorRegistrationDelegate$BeanPostProcessorChecker : Bean 'subjectFactory' of type [org.apache.shiro.mgt.DefaultSubjectFactory] is not eligible for getting processed by all BeanPostProcessors (for example: not eligible for auto-proxying)
2023-07-07 10:08:26.644 [main] INFO  o.s.c.s.PostProcessorRegistrationDelegate$BeanPostProcessorChecker : Bean 'authenticationStrategy' of type [org.apache.shiro.authc.pam.AtLeastOneSuccessfulStrategy] is not eligible for getting processed by all BeanPostProcessors (for example: not eligible for auto-proxying)
2023-07-07 10:08:26.645 [main] INFO  o.s.c.s.PostProcessorRegistrationDelegate$BeanPostProcessorChecker : Bean 'authenticator' of type [org.apache.shiro.authc.pam.ModularRealmAuthenticator] is not eligible for getting processed by all BeanPostProcessors (for example: not eligible for auto-proxying)
2023-07-07 10:08:26.645 [main] INFO  o.s.c.s.PostProcessorRegistrationDelegate$BeanPostProcessorChecker : Bean 'authorizer' of type [org.apache.shiro.authz.ModularRealmAuthorizer] is not eligible for getting processed by all BeanPostProcessors (for example: not eligible for auto-proxying)
2023-07-07 10:08:26.647 [main] INFO  o.s.c.s.PostProcessorRegistrationDelegate$BeanPostProcessorChecker : Bean 'sessionDAO' of type [org.apache.shiro.session.mgt.eis.MemorySessionDAO] is not eligible for getting processed by all BeanPostProcessors (for example: not eligible for auto-proxying)
2023-07-07 10:08:26.648 [main] INFO  o.s.c.s.PostProcessorRegistrationDelegate$BeanPostProcessorChecker : Bean 'sessionFactory' of type [org.apache.shiro.session.mgt.SimpleSessionFactory] is not eligible for getting processed by all BeanPostProcessors (for example: not eligible for auto-proxying)
2023-07-07 10:08:26.649 [main] INFO  o.s.c.s.PostProcessorRegistrationDelegate$BeanPostProcessorChecker : Bean 'sessionManager' of type [org.apache.shiro.session.mgt.DefaultSessionManager] is not eligible for getting processed by all BeanPostProcessors (for example: not eligible for auto-proxying)
2023-07-07 10:08:26.652 [main] INFO  o.s.c.s.PostProcessorRegistrationDelegate$BeanPostProcessorChecker : Bean 'securityManager' of type [org.apache.shiro.mgt.DefaultSecurityManager] is not eligible for getting processed by all BeanPostProcessors (for example: not eligible for auto-proxying)
2023-07-07 10:08:26.659 [main] INFO  o.s.c.s.PostProcessorRegistrationDelegate$BeanPostProcessorChecker : Bean 'authorizationAttributeSourceAdvisor' of type [org.apache.shiro.spring.security.interceptor.AuthorizationAttributeSourceAdvisor] is not eligible for getting processed by all BeanPostProcessors (for example: not eligible for auto-proxying)
2023-07-07 10:08:26.863 [main] INFO  o.s.boot.web.embedded.tomcat.TomcatWebServer : Tomcat initialized with port(s): 8080 (http)
2023-07-07 10:08:26.871 [main] INFO  org.apache.coyote.http11.Http11NioProtocol : Initializing ProtocolHandler ["http-nio-0.0.0.0-8080"]
2023-07-07 10:08:26.871 [main] INFO  org.apache.catalina.core.StandardService : Starting service [Tomcat]
2023-07-07 10:08:26.872 [main] INFO  org.apache.catalina.core.StandardEngine : Starting Servlet engine: [Apache Tomcat/9.0.43]
2023-07-07 10:08:26.999 [main] INFO  o.a.c.core.ContainerBase.[Tomcat].[localhost].[/] : Initializing Spring embedded WebApplicationContext
2023-07-07 10:08:26.999 [main] INFO  o.s.b.w.s.c.ServletWebServerApplicationContext : Root WebApplicationContext: initialization completed in 2158 ms
2023-07-07 10:08:27.409 [main] INFO  datart.core.migration.DatabaseMigration : No migration required , current database version is 1.0.0.rc.1
2023-07-07 10:08:27.573 [main] INFO  o.s.ldap.core.support.AbstractContextSource : Property 'userDn' not set - anonymous context will be used for read-write operations
2023-07-07 10:08:27.934 [main] INFO  org.quartz.impl.StdSchedulerFactory : Using default implementation for ThreadExecutor
2023-07-07 10:08:27.940 [main] INFO  org.quartz.core.SchedulerSignalerImpl : Initialized Scheduler Signaller of type: class org.quartz.core.SchedulerSignalerImpl
2023-07-07 10:08:27.940 [main] INFO  org.quartz.core.QuartzScheduler : Quartz Scheduler v.2.3.2 created.
2023-07-07 10:08:27.942 [main] INFO  o.s.scheduling.quartz.LocalDataSourceJobStore : Using db table-based data access locking (synchronization).
2023-07-07 10:08:27.943 [main] INFO  o.s.scheduling.quartz.LocalDataSourceJobStore : JobStoreCMT initialized.
2023-07-07 10:08:27.943 [main] INFO  org.quartz.core.QuartzScheduler : Scheduler meta-data: Quartz Scheduler (v2.3.2) 'DatartScheduleCluster' with instanceId 'WIN-OUR7VTUTUJ81688695707934'
  Scheduler class: 'org.quartz.core.QuartzScheduler' - running locally.
  NOT STARTED.
  Currently in standby mode.
  Number of jobs executed: 0
  Using thread pool 'org.quartz.simpl.SimpleThreadPool' - with 10 threads.
  Using job-store 'org.springframework.scheduling.quartz.LocalDataSourceJobStore' - which supports persistence. and is clustered.

2023-07-07 10:08:27.943 [main] INFO  org.quartz.impl.StdSchedulerFactory : Quartz scheduler 'DatartScheduleCluster' initialized from an externally provided properties instance.
2023-07-07 10:08:27.943 [main] INFO  org.quartz.impl.StdSchedulerFactory : Quartz scheduler version: 2.3.2
2023-07-07 10:08:27.943 [main] INFO  org.quartz.core.QuartzScheduler : JobFactory set to: org.springframework.scheduling.quartz.SpringBeanJobFactory@36ad5f2a
2023-07-07 10:08:28.970 [main] INFO  s.d.s.w.PropertySourcedRequestMappingHandlerMapping : Mapped URL path [/v2/api-docs] onto method [springfox.documentation.swagger2.web.Swagger2Controller#getDocumentation(String, HttpServletRequest)]
2023-07-07 10:08:29.054 [main] INFO  o.s.security.web.DefaultSecurityFilterChain : Will secure Ant [pattern='/api/v1/tpa'] with []
2023-07-07 10:08:29.082 [main] INFO  o.s.security.web.DefaultSecurityFilterChain : Will secure any request with [org.springframework.security.web.context.request.async.WebAsyncManagerIntegrationFilter@6e49b011, org.springframework.security.web.context.SecurityContextPersistenceFilter@24018c8b, org.springframework.security.web.header.HeaderWriterFilter@2f73f0c7, org.springframework.security.web.authentication.logout.LogoutFilter@e4b54d3, org.springframework.security.web.savedrequest.RequestCacheAwareFilter@3dc55719, org.springframework.security.web.servletapi.SecurityContextHolderAwareRequestFilter@6ae42248, org.springframework.security.web.authentication.AnonymousAuthenticationFilter@3a709cc7, org.springframework.security.web.session.SessionManagementFilter@40863800, org.springframework.security.web.access.ExceptionTranslationFilter@4fd37449]
2023-07-07 10:08:29.253 [main] INFO  o.s.scheduling.concurrent.ThreadPoolTaskExecutor : Initializing ExecutorService 'applicationTaskExecutor'
2023-07-07 10:08:29.619 [main] INFO  org.apache.coyote.http11.Http11NioProtocol : Starting ProtocolHandler ["http-nio-0.0.0.0-8080"]
2023-07-07 10:08:29.639 [main] INFO  o.s.boot.web.embedded.tomcat.TomcatWebServer : Tomcat started on port(s): 8080 (http) with context path ''
2023-07-07 10:08:29.640 [main] INFO  s.d.s.web.plugins.DocumentationPluginsBootstrapper : Context refreshed
2023-07-07 10:08:29.652 [main] INFO  s.d.s.web.plugins.DocumentationPluginsBootstrapper : Found 1 custom documentation plugin(s)
2023-07-07 10:08:29.771 [main] INFO  s.d.spring.web.scanners.ApiListingReferenceScanner : Scanning for api listing references
2023-07-07 10:08:30.034 [main] INFO  s.d.s.w.r.operation.CachingOperationNameGenerator : Generating unique operation named: executeUsingPOST_1
2023-07-07 10:08:30.078 [main] INFO  s.d.s.w.r.operation.CachingOperationNameGenerator : Generating unique operation named: downloadFileUsingGET_1
2023-07-07 10:08:30.082 [main] INFO  s.d.s.w.r.operation.CachingOperationNameGenerator : Generating unique operation named: executeUsingPOST_2
2023-07-07 10:08:30.155 [main] INFO  s.d.s.w.r.operation.CachingOperationNameGenerator : Generating unique operation named: checkNameUsingPOST_1
2023-07-07 10:08:30.159 [main] INFO  s.d.s.w.r.operation.CachingOperationNameGenerator : Generating unique operation named: createUsingPOST_1
2023-07-07 10:08:30.164 [main] INFO  s.d.s.w.r.operation.CachingOperationNameGenerator : Generating unique operation named: getSubjectVariableValuesUsingGET_1
2023-07-07 10:08:30.184 [main] INFO  s.d.s.w.r.operation.CachingOperationNameGenerator : Generating unique operation named: listArchivedUsingGET_1
2023-07-07 10:08:30.187 [main] INFO  s.d.s.w.r.operation.CachingOperationNameGenerator : Generating unique operation named: unarchiveUsingPUT_1
2023-07-07 10:08:30.287 [main] INFO  s.d.s.w.r.operation.CachingOperationNameGenerator : Generating unique operation named: getDatachartUsingGET_1
2023-07-07 10:08:30.301 [main] WARN  s.d.s.w.readers.parameter.ParameterDataTypeReader : Trying to infer dataType datart.server.base.transfer.ImportStrategy
2023-07-07 10:08:30.390 [main] INFO  o.s.scheduling.quartz.SchedulerFactoryBean : Starting Quartz Scheduler now
2023-07-07 10:08:30.415 [main] INFO  o.s.scheduling.quartz.LocalDataSourceJobStore : ClusterManager: detected 1 failed or restarted instances.
2023-07-07 10:08:30.415 [main] INFO  o.s.scheduling.quartz.LocalDataSourceJobStore : ClusterManager: Scanning for instance "WIN-OUR7VTUTUJ81688606768605"'s failed in-progress jobs.
2023-07-07 10:08:30.419 [main] INFO  org.quartz.core.QuartzScheduler : Scheduler DatartScheduleCluster_$_WIN-OUR7VTUTUJ81688695707934 started.
2023-07-07 10:08:30.426 [main] INFO  datart.DatartServerApplication : Started DatartServerApplication in 5.963 seconds (JVM running for 6.804)
2023-07-07 10:08:30.426 [main] INFO  datart.server.config.AppModeStartConfig : The application is running in PLATFORM tenant-management-mode.
2023-07-07 10:08:30.429 [QuartzScheduler_DatartScheduleCluster-WIN-OUR7VTUTUJ81688695707934_MisfireHandler] INFO  o.s.scheduling.quartz.LocalDataSourceJobStore : Handling 2 trigger(s) that missed their scheduled fire-time.
