2023-07-05 15:40:14.074 [background-preinit] INFO  org.hibernate.validator.internal.util.Version : HV000001: Hibernate Validator 6.1.7.Final
2023-07-05 15:40:14.099 [main] INFO  datart.DatartServerApplication : Starting DatartServerApplication using Java 1.8.0_372 on WIN-OUR7VTUTUJ8 with PID 9460 (D:\项目\可视化相关\ZDatart\server\target\classes started by Administrator in D:\项目\可视化相关\ZDatart)
2023-07-05 15:40:14.099 [main] INFO  datart.DatartServerApplication : The following profiles are active: demo
2023-07-05 15:40:15.000 [main] INFO  o.s.d.r.config.RepositoryConfigurationDelegate : Multiple Spring Data modules found, entering strict repository configuration mode!
2023-07-05 15:40:15.001 [main] INFO  o.s.d.r.config.RepositoryConfigurationDelegate : Bootstrapping Spring Data LDAP repositories in DEFAULT mode.
2023-07-05 15:40:15.051 [main] INFO  o.s.d.r.config.RepositoryConfigurationDelegate : Finished Spring Data repository scanning in 46 ms. Found 0 LDAP repository interfaces.
2023-07-05 15:40:15.061 [main] INFO  o.s.d.r.config.RepositoryConfigurationDelegate : Multiple Spring Data modules found, entering strict repository configuration mode!
2023-07-05 15:40:15.061 [main] INFO  o.s.d.r.config.RepositoryConfigurationDelegate : Bootstrapping Spring Data Redis repositories in DEFAULT mode.
2023-07-05 15:40:15.085 [main] INFO  o.s.d.r.config.RepositoryConfigurationDelegate : Finished Spring Data repository scanning in 15 ms. Found 0 Redis repository interfaces.
2023-07-05 15:40:15.255 [main] INFO  o.s.c.s.PostProcessorRegistrationDelegate$BeanPostProcessorChecker : Bean 'org.apache.shiro.spring.boot.autoconfigure.ShiroBeanAutoConfiguration' of type [org.apache.shiro.spring.boot.autoconfigure.ShiroBeanAutoConfiguration$$EnhancerBySpringCGLIB$$a6ca08d5] is not eligible for getting processed by all BeanPostProcessors (for example: not eligible for auto-proxying)
2023-07-05 15:40:15.286 [main] INFO  o.s.c.s.PostProcessorRegistrationDelegate$BeanPostProcessorChecker : Bean 'org.apache.shiro.spring.boot.autoconfigure.ShiroAnnotationProcessorAutoConfiguration' of type [org.apache.shiro.spring.boot.autoconfigure.ShiroAnnotationProcessorAutoConfiguration$$EnhancerBySpringCGLIB$$a95d477a] is not eligible for getting processed by all BeanPostProcessors (for example: not eligible for auto-proxying)
2023-07-05 15:40:15.438 [main] INFO  o.s.c.s.PostProcessorRegistrationDelegate$BeanPostProcessorChecker : Bean 'eventBus' of type [org.apache.shiro.event.support.DefaultEventBus] is not eligible for getting processed by all BeanPostProcessors (for example: not eligible for auto-proxying)
2023-07-05 15:40:15.448 [main] INFO  o.s.c.s.PostProcessorRegistrationDelegate$BeanPostProcessorChecker : Bean 'org.apache.shiro.spring.boot.autoconfigure.ShiroAutoConfiguration' of type [org.apache.shiro.spring.boot.autoconfigure.ShiroAutoConfiguration$$EnhancerBySpringCGLIB$$6cc9aaa5] is not eligible for getting processed by all BeanPostProcessors (for example: not eligible for auto-proxying)
2023-07-05 15:40:15.452 [main] INFO  o.s.c.s.PostProcessorRegistrationDelegate$BeanPostProcessorChecker : Bean 'securityConfiguration' of type [datart.security.manager.shiro.SecurityConfiguration$$EnhancerBySpringCGLIB$$cbda7e16] is not eligible for getting processed by all BeanPostProcessors (for example: not eligible for auto-proxying)
2023-07-05 15:40:15.495 [main] INFO  o.s.c.s.PostProcessorRegistrationDelegate$BeanPostProcessorChecker : Bean 'mybatis-org.mybatis.spring.boot.autoconfigure.MybatisProperties' of type [org.mybatis.spring.boot.autoconfigure.MybatisProperties] is not eligible for getting processed by all BeanPostProcessors (for example: not eligible for auto-proxying)
2023-07-05 15:40:15.501 [main] INFO  o.s.c.s.PostProcessorRegistrationDelegate$BeanPostProcessorChecker : Bean 'org.mybatis.spring.boot.autoconfigure.MybatisAutoConfiguration' of type [org.mybatis.spring.boot.autoconfigure.MybatisAutoConfiguration$$EnhancerBySpringCGLIB$$c6857c55] is not eligible for getting processed by all BeanPostProcessors (for example: not eligible for auto-proxying)
2023-07-05 15:40:15.503 [main] INFO  o.s.c.s.PostProcessorRegistrationDelegate$BeanPostProcessorChecker : Bean 'com.alibaba.druid.spring.boot.autoconfigure.DruidDataSourceAutoConfigure' of type [com.alibaba.druid.spring.boot.autoconfigure.DruidDataSourceAutoConfigure$$EnhancerBySpringCGLIB$$ad5d2097] is not eligible for getting processed by all BeanPostProcessors (for example: not eligible for auto-proxying)
2023-07-05 15:40:15.505 [main] INFO  c.a.d.s.b.a.DruidDataSourceAutoConfigure : Init DruidDataSource
2023-07-05 15:40:15.545 [main] INFO  o.s.c.s.PostProcessorRegistrationDelegate$BeanPostProcessorChecker : Bean 'spring.datasource-org.springframework.boot.autoconfigure.jdbc.DataSourceProperties' of type [org.springframework.boot.autoconfigure.jdbc.DataSourceProperties] is not eligible for getting processed by all BeanPostProcessors (for example: not eligible for auto-proxying)
2023-07-05 15:40:15.681 [main] INFO  com.alibaba.druid.pool.DruidDataSource : {dataSource-1} inited
2023-07-05 15:40:15.681 [main] INFO  o.s.c.s.PostProcessorRegistrationDelegate$BeanPostProcessorChecker : Bean 'dataSource' of type [com.alibaba.druid.spring.boot.autoconfigure.DruidDataSourceWrapper] is not eligible for getting processed by all BeanPostProcessors (for example: not eligible for auto-proxying)
2023-07-05 15:40:15.709 [main] INFO  o.s.c.s.PostProcessorRegistrationDelegate$BeanPostProcessorChecker : Bean 'org.springframework.boot.autoconfigure.jdbc.DataSourceInitializerInvoker' of type [org.springframework.boot.autoconfigure.jdbc.DataSourceInitializerInvoker] is not eligible for getting processed by all BeanPostProcessors (for example: not eligible for auto-proxying)
2023-07-05 15:40:15.749 [main] INFO  o.s.c.s.PostProcessorRegistrationDelegate$BeanPostProcessorChecker : Bean 'sqlSessionFactory' of type [org.apache.ibatis.session.defaults.DefaultSqlSessionFactory] is not eligible for getting processed by all BeanPostProcessors (for example: not eligible for auto-proxying)
2023-07-05 15:40:15.757 [main] INFO  o.s.c.s.PostProcessorRegistrationDelegate$BeanPostProcessorChecker : Bean 'sqlSessionTemplate' of type [org.mybatis.spring.SqlSessionTemplate] is not eligible for getting processed by all BeanPostProcessors (for example: not eligible for auto-proxying)
2023-07-05 15:40:15.805 [main] INFO  o.s.c.s.PostProcessorRegistrationDelegate$BeanPostProcessorChecker : Bean 'userMapperExt' of type [org.mybatis.spring.mapper.MapperFactoryBean] is not eligible for getting processed by all BeanPostProcessors (for example: not eligible for auto-proxying)
2023-07-05 15:40:15.809 [main] INFO  o.s.c.s.PostProcessorRegistrationDelegate$BeanPostProcessorChecker : Bean 'userMapperExt' of type [com.sun.proxy.$Proxy103] is not eligible for getting processed by all BeanPostProcessors (for example: not eligible for auto-proxying)
2023-07-05 15:40:15.924 [main] INFO  o.s.c.s.PostProcessorRegistrationDelegate$BeanPostProcessorChecker : Bean 'roleMapperExt' of type [org.mybatis.spring.mapper.MapperFactoryBean] is not eligible for getting processed by all BeanPostProcessors (for example: not eligible for auto-proxying)
2023-07-05 15:40:15.926 [main] INFO  o.s.c.s.PostProcessorRegistrationDelegate$BeanPostProcessorChecker : Bean 'roleMapperExt' of type [com.sun.proxy.$Proxy107] is not eligible for getting processed by all BeanPostProcessors (for example: not eligible for auto-proxying)
2023-07-05 15:40:15.954 [main] INFO  o.s.c.s.PostProcessorRegistrationDelegate$BeanPostProcessorChecker : Bean 'relRoleResourceMapperExt' of type [org.mybatis.spring.mapper.MapperFactoryBean] is not eligible for getting processed by all BeanPostProcessors (for example: not eligible for auto-proxying)
2023-07-05 15:40:15.955 [main] INFO  o.s.c.s.PostProcessorRegistrationDelegate$BeanPostProcessorChecker : Bean 'relRoleResourceMapperExt' of type [com.sun.proxy.$Proxy110] is not eligible for getting processed by all BeanPostProcessors (for example: not eligible for auto-proxying)
2023-07-05 15:40:15.983 [main] INFO  o.s.c.s.PostProcessorRegistrationDelegate$BeanPostProcessorChecker : Bean 'requestScopePermissionDataCache' of type [org.springframework.aop.scope.ScopedProxyFactoryBean] is not eligible for getting processed by all BeanPostProcessors (for example: not eligible for auto-proxying)
2023-07-05 15:40:15.984 [main] INFO  o.s.c.s.PostProcessorRegistrationDelegate$BeanPostProcessorChecker : Bean 'requestScopePermissionDataCache' of type [datart.security.manager.RequestScopePermissionDataCache$$EnhancerBySpringCGLIB$$fdf099d6] is not eligible for getting processed by all BeanPostProcessors (for example: not eligible for auto-proxying)
2023-07-05 15:40:15.986 [main] INFO  o.s.c.s.PostProcessorRegistrationDelegate$BeanPostProcessorChecker : Bean 'threadScopePermissionDataCache' of type [datart.security.manager.ThreadScopePermissionDataCache] is not eligible for getting processed by all BeanPostProcessors (for example: not eligible for auto-proxying)
2023-07-05 15:40:15.986 [main] INFO  o.s.c.s.PostProcessorRegistrationDelegate$BeanPostProcessorChecker : Bean 'permissionDataCache' of type [datart.security.manager.PermissionDataCache] is not eligible for getting processed by all BeanPostProcessors (for example: not eligible for auto-proxying)
2023-07-05 15:40:15.989 [main] INFO  o.s.c.s.PostProcessorRegistrationDelegate$BeanPostProcessorChecker : Bean 'passwordCredentialsMatcher' of type [datart.security.manager.shiro.PasswordCredentialsMatcher] is not eligible for getting processed by all BeanPostProcessors (for example: not eligible for auto-proxying)
2023-07-05 15:40:16.003 [main] INFO  o.s.c.s.PostProcessorRegistrationDelegate$BeanPostProcessorChecker : Bean 'realm' of type [datart.security.manager.shiro.DatartRealm] is not eligible for getting processed by all BeanPostProcessors (for example: not eligible for auto-proxying)
2023-07-05 15:40:16.029 [main] INFO  o.s.c.s.PostProcessorRegistrationDelegate$BeanPostProcessorChecker : Bean 'sessionStorageEvaluator' of type [org.apache.shiro.mgt.DefaultSessionStorageEvaluator] is not eligible for getting processed by all BeanPostProcessors (for example: not eligible for auto-proxying)
2023-07-05 15:40:16.030 [main] INFO  o.s.c.s.PostProcessorRegistrationDelegate$BeanPostProcessorChecker : Bean 'subjectDAO' of type [org.apache.shiro.mgt.DefaultSubjectDAO] is not eligible for getting processed by all BeanPostProcessors (for example: not eligible for auto-proxying)
2023-07-05 15:40:16.032 [main] INFO  o.s.c.s.PostProcessorRegistrationDelegate$BeanPostProcessorChecker : Bean 'subjectFactory' of type [org.apache.shiro.mgt.DefaultSubjectFactory] is not eligible for getting processed by all BeanPostProcessors (for example: not eligible for auto-proxying)
2023-07-05 15:40:16.033 [main] INFO  o.s.c.s.PostProcessorRegistrationDelegate$BeanPostProcessorChecker : Bean 'authenticationStrategy' of type [org.apache.shiro.authc.pam.AtLeastOneSuccessfulStrategy] is not eligible for getting processed by all BeanPostProcessors (for example: not eligible for auto-proxying)
2023-07-05 15:40:16.034 [main] INFO  o.s.c.s.PostProcessorRegistrationDelegate$BeanPostProcessorChecker : Bean 'authenticator' of type [org.apache.shiro.authc.pam.ModularRealmAuthenticator] is not eligible for getting processed by all BeanPostProcessors (for example: not eligible for auto-proxying)
2023-07-05 15:40:16.035 [main] INFO  o.s.c.s.PostProcessorRegistrationDelegate$BeanPostProcessorChecker : Bean 'authorizer' of type [org.apache.shiro.authz.ModularRealmAuthorizer] is not eligible for getting processed by all BeanPostProcessors (for example: not eligible for auto-proxying)
2023-07-05 15:40:16.039 [main] INFO  o.s.c.s.PostProcessorRegistrationDelegate$BeanPostProcessorChecker : Bean 'sessionDAO' of type [org.apache.shiro.session.mgt.eis.MemorySessionDAO] is not eligible for getting processed by all BeanPostProcessors (for example: not eligible for auto-proxying)
2023-07-05 15:40:16.042 [main] INFO  o.s.c.s.PostProcessorRegistrationDelegate$BeanPostProcessorChecker : Bean 'sessionFactory' of type [org.apache.shiro.session.mgt.SimpleSessionFactory] is not eligible for getting processed by all BeanPostProcessors (for example: not eligible for auto-proxying)
2023-07-05 15:40:16.044 [main] INFO  o.s.c.s.PostProcessorRegistrationDelegate$BeanPostProcessorChecker : Bean 'sessionManager' of type [org.apache.shiro.session.mgt.DefaultSessionManager] is not eligible for getting processed by all BeanPostProcessors (for example: not eligible for auto-proxying)
2023-07-05 15:40:16.048 [main] INFO  o.s.c.s.PostProcessorRegistrationDelegate$BeanPostProcessorChecker : Bean 'securityManager' of type [org.apache.shiro.mgt.DefaultSecurityManager] is not eligible for getting processed by all BeanPostProcessors (for example: not eligible for auto-proxying)
2023-07-05 15:40:16.061 [main] INFO  o.s.c.s.PostProcessorRegistrationDelegate$BeanPostProcessorChecker : Bean 'authorizationAttributeSourceAdvisor' of type [org.apache.shiro.spring.security.interceptor.AuthorizationAttributeSourceAdvisor] is not eligible for getting processed by all BeanPostProcessors (for example: not eligible for auto-proxying)
2023-07-05 15:40:16.306 [main] INFO  o.s.boot.web.embedded.tomcat.TomcatWebServer : Tomcat initialized with port(s): 8080 (http)
2023-07-05 15:40:16.314 [main] INFO  org.apache.coyote.http11.Http11NioProtocol : Initializing ProtocolHandler ["http-nio-0.0.0.0-8080"]
2023-07-05 15:40:16.314 [main] INFO  org.apache.catalina.core.StandardService : Starting service [Tomcat]
2023-07-05 15:40:16.314 [main] INFO  org.apache.catalina.core.StandardEngine : Starting Servlet engine: [Apache Tomcat/9.0.43]
2023-07-05 15:40:16.420 [main] INFO  o.a.c.core.ContainerBase.[Tomcat].[localhost].[/] : Initializing Spring embedded WebApplicationContext
2023-07-05 15:40:16.420 [main] INFO  o.s.b.w.s.c.ServletWebServerApplicationContext : Root WebApplicationContext: initialization completed in 2287 ms
2023-07-05 15:40:16.933 [main] INFO  datart.core.migration.DatabaseMigration : No migration required , current database version is 1.0.0.rc.1
2023-07-05 15:40:17.123 [main] INFO  o.s.ldap.core.support.AbstractContextSource : Property 'userDn' not set - anonymous context will be used for read-write operations
2023-07-05 15:40:17.492 [main] INFO  org.quartz.impl.StdSchedulerFactory : Using default implementation for ThreadExecutor
2023-07-05 15:40:17.498 [main] INFO  org.quartz.core.SchedulerSignalerImpl : Initialized Scheduler Signaller of type: class org.quartz.core.SchedulerSignalerImpl
2023-07-05 15:40:17.498 [main] INFO  org.quartz.core.QuartzScheduler : Quartz Scheduler v.2.3.2 created.
2023-07-05 15:40:17.499 [main] INFO  o.s.scheduling.quartz.LocalDataSourceJobStore : Using db table-based data access locking (synchronization).
2023-07-05 15:40:17.500 [main] INFO  o.s.scheduling.quartz.LocalDataSourceJobStore : JobStoreCMT initialized.
2023-07-05 15:40:17.501 [main] INFO  org.quartz.core.QuartzScheduler : Scheduler meta-data: Quartz Scheduler (v2.3.2) 'DatartScheduleCluster' with instanceId 'WIN-OUR7VTUTUJ81688542817493'
  Scheduler class: 'org.quartz.core.QuartzScheduler' - running locally.
  NOT STARTED.
  Currently in standby mode.
  Number of jobs executed: 0
  Using thread pool 'org.quartz.simpl.SimpleThreadPool' - with 10 threads.
  Using job-store 'org.springframework.scheduling.quartz.LocalDataSourceJobStore' - which supports persistence. and is clustered.

2023-07-05 15:40:17.501 [main] INFO  org.quartz.impl.StdSchedulerFactory : Quartz scheduler 'DatartScheduleCluster' initialized from an externally provided properties instance.
2023-07-05 15:40:17.501 [main] INFO  org.quartz.impl.StdSchedulerFactory : Quartz scheduler version: 2.3.2
2023-07-05 15:40:17.501 [main] INFO  org.quartz.core.QuartzScheduler : JobFactory set to: org.springframework.scheduling.quartz.SpringBeanJobFactory@4044589a
2023-07-05 15:40:18.504 [main] INFO  s.d.s.w.PropertySourcedRequestMappingHandlerMapping : Mapped URL path [/v2/api-docs] onto method [springfox.documentation.swagger2.web.Swagger2Controller#getDocumentation(String, HttpServletRequest)]
2023-07-05 15:40:18.592 [main] INFO  o.s.security.web.DefaultSecurityFilterChain : Will secure Ant [pattern='/api/v1/tpa'] with []
2023-07-05 15:40:18.622 [main] INFO  o.s.security.web.DefaultSecurityFilterChain : Will secure any request with [org.springframework.security.web.context.request.async.WebAsyncManagerIntegrationFilter@3e4f2300, org.springframework.security.web.context.SecurityContextPersistenceFilter@4c2bea52, org.springframework.security.web.header.HeaderWriterFilter@40863800, org.springframework.security.web.authentication.logout.LogoutFilter@3a709cc7, org.springframework.security.web.savedrequest.RequestCacheAwareFilter@6ebbc06, org.springframework.security.web.servletapi.SecurityContextHolderAwareRequestFilter@54941dfd, org.springframework.security.web.authentication.AnonymousAuthenticationFilter@e706aa, org.springframework.security.web.session.SessionManagementFilter@3dc55719, org.springframework.security.web.access.ExceptionTranslationFilter@17befef0]
2023-07-05 15:40:18.797 [main] INFO  o.s.scheduling.concurrent.ThreadPoolTaskExecutor : Initializing ExecutorService 'applicationTaskExecutor'
2023-07-05 15:40:19.162 [main] INFO  org.apache.coyote.http11.Http11NioProtocol : Starting ProtocolHandler ["http-nio-0.0.0.0-8080"]
2023-07-05 15:40:19.179 [main] INFO  o.s.boot.web.embedded.tomcat.TomcatWebServer : Tomcat started on port(s): 8080 (http) with context path ''
2023-07-05 15:40:19.180 [main] INFO  s.d.s.web.plugins.DocumentationPluginsBootstrapper : Context refreshed
2023-07-05 15:40:19.191 [main] INFO  s.d.s.web.plugins.DocumentationPluginsBootstrapper : Found 1 custom documentation plugin(s)
2023-07-05 15:40:19.309 [main] INFO  s.d.spring.web.scanners.ApiListingReferenceScanner : Scanning for api listing references
2023-07-05 15:40:19.587 [main] INFO  s.d.s.w.r.operation.CachingOperationNameGenerator : Generating unique operation named: executeUsingPOST_1
2023-07-05 15:40:19.632 [main] INFO  s.d.s.w.r.operation.CachingOperationNameGenerator : Generating unique operation named: downloadFileUsingGET_1
2023-07-05 15:40:19.635 [main] INFO  s.d.s.w.r.operation.CachingOperationNameGenerator : Generating unique operation named: executeUsingPOST_2
2023-07-05 15:40:19.707 [main] INFO  s.d.s.w.r.operation.CachingOperationNameGenerator : Generating unique operation named: checkNameUsingPOST_1
2023-07-05 15:40:19.710 [main] INFO  s.d.s.w.r.operation.CachingOperationNameGenerator : Generating unique operation named: createUsingPOST_1
2023-07-05 15:40:19.715 [main] INFO  s.d.s.w.r.operation.CachingOperationNameGenerator : Generating unique operation named: getSubjectVariableValuesUsingGET_1
2023-07-05 15:40:19.736 [main] INFO  s.d.s.w.r.operation.CachingOperationNameGenerator : Generating unique operation named: listArchivedUsingGET_1
2023-07-05 15:40:19.739 [main] INFO  s.d.s.w.r.operation.CachingOperationNameGenerator : Generating unique operation named: unarchiveUsingPUT_1
2023-07-05 15:40:19.839 [main] INFO  s.d.s.w.r.operation.CachingOperationNameGenerator : Generating unique operation named: getDatachartUsingGET_1
2023-07-05 15:40:19.853 [main] WARN  s.d.s.w.readers.parameter.ParameterDataTypeReader : Trying to infer dataType datart.server.base.transfer.ImportStrategy
2023-07-05 15:40:19.943 [main] INFO  o.s.scheduling.quartz.SchedulerFactoryBean : Starting Quartz Scheduler now
2023-07-05 15:40:19.968 [main] INFO  o.s.scheduling.quartz.LocalDataSourceJobStore : ClusterManager: detected 1 failed or restarted instances.
2023-07-05 15:40:19.968 [main] INFO  o.s.scheduling.quartz.LocalDataSourceJobStore : ClusterManager: Scanning for instance "WIN-OUR7VTUTUJ81688463425594"'s failed in-progress jobs.
2023-07-05 15:40:19.973 [main] INFO  org.quartz.core.QuartzScheduler : Scheduler DatartScheduleCluster_$_WIN-OUR7VTUTUJ81688542817493 started.
2023-07-05 15:40:19.979 [QuartzScheduler_DatartScheduleCluster-WIN-OUR7VTUTUJ81688542817493_MisfireHandler] INFO  o.s.scheduling.quartz.LocalDataSourceJobStore : Handling 2 trigger(s) that missed their scheduled fire-time.
2023-07-05 15:40:19.982 [main] INFO  datart.DatartServerApplication : Started DatartServerApplication in 6.231 seconds (JVM running for 7.173)
2023-07-05 15:40:19.983 [main] INFO  datart.server.config.AppModeStartConfig : The application is running in PLATFORM tenant-management-mode.
2023-07-05 16:06:15.005 [DatartScheduleCluster_Worker-1] INFO  d.data.provider.jdbc.DataSourceFactoryDruidImpl : druid data source created (DataSource-177868440)
2023-07-05 16:06:15.006 [DatartScheduleCluster_Worker-1] INFO  com.alibaba.druid.pool.DruidDataSource : {dataSource-2} inited
2023-07-05 16:06:20.403 [DatartScheduleCluster_Worker-1] WARN  com.alibaba.druid.pool.DruidAbstractDataSource : discard long time none received connection. , jdbcUrl : jdbc:mysql://127.0.0.1:3306/datart?&allowMultiQueries=true&characterEncoding=utf-8, version : 1.2.4, lastPacketReceivedIdleMillis : 1560405
2023-07-05 16:17:08.979 [DatartScheduleCluster_Worker-2] WARN  com.alibaba.druid.pool.DruidAbstractDataSource : discard long time none received connection. , jdbcUrl : jdbc:mysql://127.0.0.1:3306/datart?&allowMultiQueries=true&characterEncoding=utf-8, version : 1.2.4, lastPacketReceivedIdleMillis : 628764
2023-07-05 16:17:08.984 [DatartScheduleCluster_Worker-2] INFO  d.data.provider.jdbc.DataSourceFactoryDruidImpl : druid data source created (DataSource-519737454)
2023-07-05 16:17:08.984 [DatartScheduleCluster_Worker-2] INFO  com.alibaba.druid.pool.DruidDataSource : {dataSource-3} inited
2023-07-05 17:17:08.985 [DatartScheduleCluster_Worker-4] WARN  com.alibaba.druid.pool.DruidAbstractDataSource : discard long time none received connection. , jdbcUrl : jdbc:mysql://127.0.0.1:3306/datart?&allowMultiQueries=true&characterEncoding=utf-8, version : 1.2.4, lastPacketReceivedIdleMillis : 654114
